Analysis & Synthesis report for lab1
Wed Oct 05 17:06:39 2022
Quartus II 64-Bit Version 13.1.0 Build 162 10/23/2013 SJ Web Edition


---------------------
; Table of Contents ;
---------------------
  1. Legal Notice
  2. Analysis & Synthesis Summary
  3. Analysis & Synthesis Settings
  4. Parallel Compilation
  5. Analysis & Synthesis Source Files Read
  6. Analysis & Synthesis Resource Usage Summary
  7. Analysis & Synthesis Resource Utilization by Entity
  8. General Register Statistics
  9. Multiplexer Restructuring Statistics (Restructuring Performed)
 10. Port Connectivity Checks: "controlLogic:inst|dFF_2:state0"
 11. Port Connectivity Checks: "datapath:inst2|eightBitRightShift:Display"
 12. Port Connectivity Checks: "datapath:inst2|h2InMux:mux2"
 13. Port Connectivity Checks: "datapath:inst2|fourMux:mux4"
 14. Port Connectivity Checks: "datapath:inst2|eightBitRightShift:RMASK"
 15. Port Connectivity Checks: "datapath:inst2|eightBitLeftShift:LMASK"
 16. Elapsed Time Per Partition
 17. Analysis & Synthesis Messages



----------------
; Legal Notice ;
----------------
Copyright (C) 1991-2013 Altera Corporation
Your use of Altera Corporation's design tools, logic functions 
and other software and tools, and its AMPP partner logic 
functions, and any output files from any of the foregoing 
(including device programming or simulation files), and any 
associated documentation or information are expressly subject 
to the terms and conditions of the Altera Program License 
Subscription Agreement, Altera MegaCore Function License 
Agreement, or other applicable license agreement, including, 
without limitation, that your use is for the sole purpose of 
programming logic devices manufactured by Altera and sold by 
Altera or its authorized distributors.  Please refer to the 
applicable agreement for further details.



+------------------------------------------------------------------------------+
; Analysis & Synthesis Summary                                                 ;
+---------------------------------+--------------------------------------------+
; Analysis & Synthesis Status     ; Successful - Wed Oct 05 17:06:39 2022      ;
; Quartus II 64-Bit Version       ; 13.1.0 Build 162 10/23/2013 SJ Web Edition ;
; Revision Name                   ; lab1                                       ;
; Top-level Entity Name           ; top                                        ;
; Family                          ; Cyclone V                                  ;
; Logic utilization (in ALMs)     ; N/A                                        ;
; Total registers                 ; 29                                         ;
; Total pins                      ; 12                                         ;
; Total virtual pins              ; 0                                          ;
; Total block memory bits         ; 0                                          ;
; Total DSP Blocks                ; 0                                          ;
; Total HSSI RX PCSs              ; 0                                          ;
; Total HSSI PMA RX Deserializers ; 0                                          ;
; Total HSSI TX PCSs              ; 0                                          ;
; Total HSSI TX Channels          ; 0                                          ;
; Total PLLs                      ; 0                                          ;
; Total DLLs                      ; 0                                          ;
+---------------------------------+--------------------------------------------+


+---------------------------------------------------------------------------------------------------------------------------+
; Analysis & Synthesis Settings                                                                                             ;
+---------------------------------------------------------------------------------+--------------------+--------------------+
; Option                                                                          ; Setting            ; Default Value      ;
+---------------------------------------------------------------------------------+--------------------+--------------------+
; Device                                                                          ; 5CGXFC7C6F23C7     ;                    ;
; Top-level entity name                                                           ; top                ; lab1               ;
; Family name                                                                     ; Cyclone V          ; Cyclone IV GX      ;
; Use smart compilation                                                           ; Off                ; Off                ;
; Enable parallel Assembler and TimeQuest Timing Analyzer during compilation      ; On                 ; On                 ;
; Enable compact report table                                                     ; Off                ; Off                ;
; Restructure Multiplexers                                                        ; Auto               ; Auto               ;
; MLAB Add Timing Constraints For Mixed-Port Feed-Through Mode Setting Don't Care ; Off                ; Off                ;
; Create Debugging Nodes for IP Cores                                             ; Off                ; Off                ;
; Preserve fewer node names                                                       ; On                 ; On                 ;
; Disable OpenCore Plus hardware evaluation                                       ; Off                ; Off                ;
; Verilog Version                                                                 ; Verilog_2001       ; Verilog_2001       ;
; VHDL Version                                                                    ; VHDL_1993          ; VHDL_1993          ;
; State Machine Processing                                                        ; Auto               ; Auto               ;
; Safe State Machine                                                              ; Off                ; Off                ;
; Extract Verilog State Machines                                                  ; On                 ; On                 ;
; Extract VHDL State Machines                                                     ; On                 ; On                 ;
; Ignore Verilog initial constructs                                               ; Off                ; Off                ;
; Iteration limit for constant Verilog loops                                      ; 5000               ; 5000               ;
; Iteration limit for non-constant Verilog loops                                  ; 250                ; 250                ;
; Add Pass-Through Logic to Inferred RAMs                                         ; On                 ; On                 ;
; Infer RAMs from Raw Logic                                                       ; On                 ; On                 ;
; Parallel Synthesis                                                              ; On                 ; On                 ;
; DSP Block Balancing                                                             ; Auto               ; Auto               ;
; NOT Gate Push-Back                                                              ; On                 ; On                 ;
; Power-Up Don't Care                                                             ; On                 ; On                 ;
; Remove Redundant Logic Cells                                                    ; Off                ; Off                ;
; Remove Duplicate Registers                                                      ; On                 ; On                 ;
; Ignore CARRY Buffers                                                            ; Off                ; Off                ;
; Ignore CASCADE Buffers                                                          ; Off                ; Off                ;
; Ignore GLOBAL Buffers                                                           ; Off                ; Off                ;
; Ignore ROW GLOBAL Buffers                                                       ; Off                ; Off                ;
; Ignore LCELL Buffers                                                            ; Off                ; Off                ;
; Ignore SOFT Buffers                                                             ; On                 ; On                 ;
; Limit AHDL Integers to 32 Bits                                                  ; Off                ; Off                ;
; Optimization Technique                                                          ; Balanced           ; Balanced           ;
; Carry Chain Length                                                              ; 70                 ; 70                 ;
; Auto Carry Chains                                                               ; On                 ; On                 ;
; Auto Open-Drain Pins                                                            ; On                 ; On                 ;
; Perform WYSIWYG Primitive Resynthesis                                           ; Off                ; Off                ;
; Auto ROM Replacement                                                            ; On                 ; On                 ;
; Auto RAM Replacement                                                            ; On                 ; On                 ;
; Auto DSP Block Replacement                                                      ; On                 ; On                 ;
; Auto Shift Register Replacement                                                 ; Auto               ; Auto               ;
; Allow Shift Register Merging across Hierarchies                                 ; Auto               ; Auto               ;
; Auto Clock Enable Replacement                                                   ; On                 ; On                 ;
; Strict RAM Replacement                                                          ; Off                ; Off                ;
; Allow Synchronous Control Signals                                               ; On                 ; On                 ;
; Force Use of Synchronous Clear Signals                                          ; Off                ; Off                ;
; Auto Resource Sharing                                                           ; Off                ; Off                ;
; Allow Any RAM Size For Recognition                                              ; Off                ; Off                ;
; Allow Any ROM Size For Recognition                                              ; Off                ; Off                ;
; Allow Any Shift Register Size For Recognition                                   ; Off                ; Off                ;
; Use LogicLock Constraints during Resource Balancing                             ; On                 ; On                 ;
; Ignore translate_off and synthesis_off directives                               ; Off                ; Off                ;
; Timing-Driven Synthesis                                                         ; On                 ; On                 ;
; Report Parameter Settings                                                       ; On                 ; On                 ;
; Report Source Assignments                                                       ; On                 ; On                 ;
; Report Connectivity Checks                                                      ; On                 ; On                 ;
; Ignore Maximum Fan-Out Assignments                                              ; Off                ; Off                ;
; Synchronization Register Chain Length                                           ; 3                  ; 3                  ;
; PowerPlay Power Optimization                                                    ; Normal compilation ; Normal compilation ;
; HDL message level                                                               ; Level2             ; Level2             ;
; Suppress Register Optimization Related Messages                                 ; Off                ; Off                ;
; Number of Removed Registers Reported in Synthesis Report                        ; 5000               ; 5000               ;
; Number of Swept Nodes Reported in Synthesis Report                              ; 5000               ; 5000               ;
; Number of Inverted Registers Reported in Synthesis Report                       ; 100                ; 100                ;
; Clock MUX Protection                                                            ; On                 ; On                 ;
; Auto Gated Clock Conversion                                                     ; Off                ; Off                ;
; Block Design Naming                                                             ; Auto               ; Auto               ;
; SDC constraint protection                                                       ; Off                ; Off                ;
; Synthesis Effort                                                                ; Auto               ; Auto               ;
; Shift Register Replacement - Allow Asynchronous Clear Signal                    ; On                 ; On                 ;
; Pre-Mapping Resynthesis Optimization                                            ; Off                ; Off                ;
; Analysis & Synthesis Message Level                                              ; Medium             ; Medium             ;
; Disable Register Merging Across Hierarchies                                     ; Auto               ; Auto               ;
; Resource Aware Inference For Block RAM                                          ; On                 ; On                 ;
; Synthesis Seed                                                                  ; 1                  ; 1                  ;
; Automatic Parallel Synthesis                                                    ; On                 ; On                 ;
+---------------------------------------------------------------------------------+--------------------+--------------------+


+------------------------------------------+
; Parallel Compilation                     ;
+----------------------------+-------------+
; Processors                 ; Number      ;
+----------------------------+-------------+
; Number detected on machine ; 12          ;
; Maximum allowed            ; 12          ;
;                            ;             ;
; Average used               ; 1.00        ;
; Maximum used               ; 1           ;
;                            ;             ;
; Usage by Processor         ; % Time Used ;
;     Processor 1            ; 100.0%      ;
;     Processors 2-12        ;   0.0%      ;
+----------------------------+-------------+


+-----------------------------------------------------------------------------------------------------------------------------------------------------------------------------------------------------+
; Analysis & Synthesis Source Files Read                                                                                                                                                              ;
+----------------------------------+-----------------+------------------------------------+-------------------------------------------------------------------------------------------------+---------+
; File Name with User-Entered Path ; Used in Netlist ; File Type                          ; File Name with Absolute Path                                                                    ; Library ;
+----------------------------------+-----------------+------------------------------------+-------------------------------------------------------------------------------------------------+---------+
; dFF_2.vhd                        ; yes             ; User VHDL File                     ; C:/Users/grobb/Documents/University/Digital_Systems/Labs/Lab_1/VHDL/lab1/dFF_2.vhd              ;         ;
; datapath.vhd                     ; yes             ; User VHDL File                     ; C:/Users/grobb/Documents/University/Digital_Systems/Labs/Lab_1/VHDL/lab1/datapath.vhd           ;         ;
; eightBitRightShift.vhd           ; yes             ; User VHDL File                     ; C:/Users/grobb/Documents/University/Digital_Systems/Labs/Lab_1/VHDL/lab1/eightBitRightShift.vhd ;         ;
; eightBitLeftShift.vhd            ; yes             ; User VHDL File                     ; C:/Users/grobb/Documents/University/Digital_Systems/Labs/Lab_1/VHDL/lab1/eightBitLeftShift.vhd  ;         ;
; h2InMux.vhd                      ; yes             ; User VHDL File                     ; C:/Users/grobb/Documents/University/Digital_Systems/Labs/Lab_1/VHDL/lab1/h2InMux.vhd            ;         ;
; fourMux.vhd                      ; yes             ; User VHDL File                     ; C:/Users/grobb/Documents/University/Digital_Systems/Labs/Lab_1/VHDL/lab1/fourMux.vhd            ;         ;
; enardFF_2.vhd                    ; yes             ; User VHDL File                     ; C:/Users/grobb/Documents/University/Digital_Systems/Labs/Lab_1/VHDL/lab1/enardFF_2.vhd          ;         ;
; controlLogic.vhd                 ; yes             ; User VHDL File                     ; C:/Users/grobb/Documents/University/Digital_Systems/Labs/Lab_1/VHDL/lab1/controlLogic.vhd       ;         ;
; top.bdf                          ; yes             ; User Block Diagram/Schematic File  ; C:/Users/grobb/Documents/University/Digital_Systems/Labs/Lab_1/VHDL/lab1/top.bdf                ;         ;
+----------------------------------+-----------------+------------------------------------+-------------------------------------------------------------------------------------------------+---------+


+-----------------------------------------------------------------+
; Analysis & Synthesis Resource Usage Summary                     ;
+---------------------------------------------+-------------------+
; Resource                                    ; Usage             ;
+---------------------------------------------+-------------------+
; Estimate of Logic utilization (ALMs needed) ; 16                ;
;                                             ;                   ;
; Combinational ALUT usage for logic          ; 30                ;
;     -- 7 input functions                    ; 0                 ;
;     -- 6 input functions                    ; 0                 ;
;     -- 5 input functions                    ; 1                 ;
;     -- 4 input functions                    ; 10                ;
;     -- <=3 input functions                  ; 19                ;
;                                             ;                   ;
; Dedicated logic registers                   ; 29                ;
;                                             ;                   ;
; I/O pins                                    ; 12                ;
; Total DSP Blocks                            ; 0                 ;
; Maximum fan-out node                        ; globalClock~input ;
; Maximum fan-out                             ; 29                ;
; Total fan-out                               ; 222               ;
; Average fan-out                             ; 2.67              ;
+---------------------------------------------+-------------------+


+-----------------------------------------------------------------------------------------------------------------------------------------------------------------------------------------------------------------+
; Analysis & Synthesis Resource Utilization by Entity                                                                                                                                                             ;
+------------------------------------+-------------------+--------------+-------------------+------------+------+--------------+-------------------------------------------------------------------+--------------+
; Compilation Hierarchy Node         ; LC Combinationals ; LC Registers ; Block Memory Bits ; DSP Blocks ; Pins ; Virtual Pins ; Full Hierarchy Name                                               ; Library Name ;
+------------------------------------+-------------------+--------------+-------------------+------------+------+--------------+-------------------------------------------------------------------+--------------+
; |top                               ; 30 (0)            ; 29 (0)       ; 0                 ; 0          ; 12   ; 0            ; |top                                                              ; work         ;
;    |controlLogic:inst|             ; 6 (5)             ; 5 (0)        ; 0                 ; 0          ; 0    ; 0            ; |top|controlLogic:inst                                            ; work         ;
;       |dFF_2:state0|               ; 1 (1)             ; 1 (1)        ; 0                 ; 0          ; 0    ; 0            ; |top|controlLogic:inst|dFF_2:state0                               ; work         ;
;       |dFF_2:state1|               ; 0 (0)             ; 1 (1)        ; 0                 ; 0          ; 0    ; 0            ; |top|controlLogic:inst|dFF_2:state1                               ; work         ;
;       |dFF_2:state2|               ; 0 (0)             ; 1 (1)        ; 0                 ; 0          ; 0    ; 0            ; |top|controlLogic:inst|dFF_2:state2                               ; work         ;
;       |dFF_2:state3|               ; 0 (0)             ; 1 (1)        ; 0                 ; 0          ; 0    ; 0            ; |top|controlLogic:inst|dFF_2:state3                               ; work         ;
;       |dFF_2:state4|               ; 0 (0)             ; 1 (1)        ; 0                 ; 0          ; 0    ; 0            ; |top|controlLogic:inst|dFF_2:state4                               ; work         ;
;    |datapath:inst2|                ; 24 (1)            ; 24 (0)       ; 0                 ; 0          ; 0    ; 0            ; |top|datapath:inst2                                               ; work         ;
;       |eightBitLeftShift:LMASK|    ; 7 (7)             ; 8 (0)        ; 0                 ; 0          ; 0    ; 0            ; |top|datapath:inst2|eightBitLeftShift:LMASK                       ; work         ;
;          |enARdFF_2:bit0|          ; 0 (0)             ; 1 (1)        ; 0                 ; 0          ; 0    ; 0            ; |top|datapath:inst2|eightBitLeftShift:LMASK|enARdFF_2:bit0        ; work         ;
;          |enARdFF_2:bit1|          ; 0 (0)             ; 1 (1)        ; 0                 ; 0          ; 0    ; 0            ; |top|datapath:inst2|eightBitLeftShift:LMASK|enARdFF_2:bit1        ; work         ;
;          |enARdFF_2:bit2|          ; 0 (0)             ; 1 (1)        ; 0                 ; 0          ; 0    ; 0            ; |top|datapath:inst2|eightBitLeftShift:LMASK|enARdFF_2:bit2        ; work         ;
;          |enARdFF_2:bit3|          ; 0 (0)             ; 1 (1)        ; 0                 ; 0          ; 0    ; 0            ; |top|datapath:inst2|eightBitLeftShift:LMASK|enARdFF_2:bit3        ; work         ;
;          |enARdFF_2:bit4|          ; 0 (0)             ; 1 (1)        ; 0                 ; 0          ; 0    ; 0            ; |top|datapath:inst2|eightBitLeftShift:LMASK|enARdFF_2:bit4        ; work         ;
;          |enARdFF_2:bit5|          ; 0 (0)             ; 1 (1)        ; 0                 ; 0          ; 0    ; 0            ; |top|datapath:inst2|eightBitLeftShift:LMASK|enARdFF_2:bit5        ; work         ;
;          |enARdFF_2:bit6|          ; 0 (0)             ; 1 (1)        ; 0                 ; 0          ; 0    ; 0            ; |top|datapath:inst2|eightBitLeftShift:LMASK|enARdFF_2:bit6        ; work         ;
;          |enARdFF_2:bit7|          ; 0 (0)             ; 1 (1)        ; 0                 ; 0          ; 0    ; 0            ; |top|datapath:inst2|eightBitLeftShift:LMASK|enARdFF_2:bit7        ; work         ;
;       |eightBitRightShift:Display| ; 1 (0)             ; 8 (0)        ; 0                 ; 0          ; 0    ; 0            ; |top|datapath:inst2|eightBitRightShift:Display                    ; work         ;
;          |enARdFF_2:b2v_bit0|      ; 0 (0)             ; 1 (1)        ; 0                 ; 0          ; 0    ; 0            ; |top|datapath:inst2|eightBitRightShift:Display|enARdFF_2:b2v_bit0 ; work         ;
;          |enARdFF_2:b2v_bit1|      ; 0 (0)             ; 1 (1)        ; 0                 ; 0          ; 0    ; 0            ; |top|datapath:inst2|eightBitRightShift:Display|enARdFF_2:b2v_bit1 ; work         ;
;          |enARdFF_2:b2v_bit2|      ; 0 (0)             ; 1 (1)        ; 0                 ; 0          ; 0    ; 0            ; |top|datapath:inst2|eightBitRightShift:Display|enARdFF_2:b2v_bit2 ; work         ;
;          |enARdFF_2:b2v_bit3|      ; 0 (0)             ; 1 (1)        ; 0                 ; 0          ; 0    ; 0            ; |top|datapath:inst2|eightBitRightShift:Display|enARdFF_2:b2v_bit3 ; work         ;
;          |enARdFF_2:b2v_bit4|      ; 0 (0)             ; 1 (1)        ; 0                 ; 0          ; 0    ; 0            ; |top|datapath:inst2|eightBitRightShift:Display|enARdFF_2:b2v_bit4 ; work         ;
;          |enARdFF_2:b2v_bit5|      ; 0 (0)             ; 1 (1)        ; 0                 ; 0          ; 0    ; 0            ; |top|datapath:inst2|eightBitRightShift:Display|enARdFF_2:b2v_bit5 ; work         ;
;          |enARdFF_2:b2v_bit6|      ; 0 (0)             ; 1 (1)        ; 0                 ; 0          ; 0    ; 0            ; |top|datapath:inst2|eightBitRightShift:Display|enARdFF_2:b2v_bit6 ; work         ;
;          |enARdFF_2:b2v_bit7|      ; 1 (1)             ; 1 (1)        ; 0                 ; 0          ; 0    ; 0            ; |top|datapath:inst2|eightBitRightShift:Display|enARdFF_2:b2v_bit7 ; work         ;
;       |eightBitRightShift:RMASK|   ; 7 (7)             ; 8 (0)        ; 0                 ; 0          ; 0    ; 0            ; |top|datapath:inst2|eightBitRightShift:RMASK                      ; work         ;
;          |enARdFF_2:b2v_bit0|      ; 0 (0)             ; 1 (1)        ; 0                 ; 0          ; 0    ; 0            ; |top|datapath:inst2|eightBitRightShift:RMASK|enARdFF_2:b2v_bit0   ; work         ;
;          |enARdFF_2:b2v_bit1|      ; 0 (0)             ; 1 (1)        ; 0                 ; 0          ; 0    ; 0            ; |top|datapath:inst2|eightBitRightShift:RMASK|enARdFF_2:b2v_bit1   ; work         ;
;          |enARdFF_2:b2v_bit2|      ; 0 (0)             ; 1 (1)        ; 0                 ; 0          ; 0    ; 0            ; |top|datapath:inst2|eightBitRightShift:RMASK|enARdFF_2:b2v_bit2   ; work         ;
;          |enARdFF_2:b2v_bit3|      ; 0 (0)             ; 1 (1)        ; 0                 ; 0          ; 0    ; 0            ; |top|datapath:inst2|eightBitRightShift:RMASK|enARdFF_2:b2v_bit3   ; work         ;
;          |enARdFF_2:b2v_bit4|      ; 0 (0)             ; 1 (1)        ; 0                 ; 0          ; 0    ; 0            ; |top|datapath:inst2|eightBitRightShift:RMASK|enARdFF_2:b2v_bit4   ; work         ;
;          |enARdFF_2:b2v_bit5|      ; 0 (0)             ; 1 (1)        ; 0                 ; 0          ; 0    ; 0            ; |top|datapath:inst2|eightBitRightShift:RMASK|enARdFF_2:b2v_bit5   ; work         ;
;          |enARdFF_2:b2v_bit6|      ; 0 (0)             ; 1 (1)        ; 0                 ; 0          ; 0    ; 0            ; |top|datapath:inst2|eightBitRightShift:RMASK|enARdFF_2:b2v_bit6   ; work         ;
;          |enARdFF_2:b2v_bit7|      ; 0 (0)             ; 1 (1)        ; 0                 ; 0          ; 0    ; 0            ; |top|datapath:inst2|eightBitRightShift:RMASK|enARdFF_2:b2v_bit7   ; work         ;
;       |h2InMux:mux2|               ; 8 (8)             ; 0 (0)        ; 0                 ; 0          ; 0    ; 0            ; |top|datapath:inst2|h2InMux:mux2                                  ; work         ;
+------------------------------------+-------------------+--------------+-------------------+------------+------+--------------+-------------------------------------------------------------------+--------------+
Note: For table entries with two numbers listed, the numbers in parentheses indicate the number of resources of the given type used by the specific entity alone. The numbers listed outside of parentheses indicate the total resources of the given type used by the specific entity and all of its sub-entities in the hierarchy.


+------------------------------------------------------+
; General Register Statistics                          ;
+----------------------------------------------+-------+
; Statistic                                    ; Value ;
+----------------------------------------------+-------+
; Total registers                              ; 29    ;
; Number of registers using Synchronous Clear  ; 12    ;
; Number of registers using Synchronous Load   ; 0     ;
; Number of registers using Asynchronous Clear ; 24    ;
; Number of registers using Asynchronous Load  ; 0     ;
; Number of registers using Clock Enable       ; 24    ;
; Number of registers using Preset             ; 0     ;
+----------------------------------------------+-------+


+---------------------------------------------------------------------------------------------------------------------------------------------------------------------------------------+
; Multiplexer Restructuring Statistics (Restructuring Performed)                                                                                                                        ;
+--------------------+-----------+---------------+----------------------+------------------------+------------+-------------------------------------------------------------------------+
; Multiplexer Inputs ; Bus Width ; Baseline Area ; Area if Restructured ; Saving if Restructured ; Registered ; Example Multiplexer Output                                              ;
+--------------------+-----------+---------------+----------------------+------------------------+------------+-------------------------------------------------------------------------+
; 4:1                ; 8 bits    ; 16 LEs        ; 8 LEs                ; 8 LEs                  ; Yes        ; |top|datapath:inst2|eightBitRightShift:Display|enARdFF_2:b2v_bit7|int_q ;
+--------------------+-----------+---------------+----------------------+------------------------+------------+-------------------------------------------------------------------------+


+------------------------------------------------------------+
; Port Connectivity Checks: "controlLogic:inst|dFF_2:state0" ;
+------+-------+----------+----------------------------------+
; Port ; Type  ; Severity ; Details                          ;
+------+-------+----------+----------------------------------+
; i_d  ; Input ; Info     ; Stuck at VCC                     ;
+------+-------+----------+----------------------------------+


+----------------------------------------------------------------------------------------------------------------------+
; Port Connectivity Checks: "datapath:inst2|eightBitRightShift:Display"                                                ;
+------------+--------+----------+-------------------------------------------------------------------------------------+
; Port       ; Type   ; Severity ; Details                                                                             ;
+------------+--------+----------+-------------------------------------------------------------------------------------+
; controller ; Input  ; Info     ; Stuck at VCC                                                                        ;
; shiftin    ; Input  ; Info     ; Stuck at VCC                                                                        ;
; notoutput  ; Output ; Info     ; Connected to dangling logic. Logic that only feeds a dangling port will be removed. ;
+------------+--------+----------+-------------------------------------------------------------------------------------+


+---------------------------------------------------------+
; Port Connectivity Checks: "datapath:inst2|h2InMux:mux2" ;
+------+-------+----------+-------------------------------+
; Port ; Type  ; Severity ; Details                       ;
+------+-------+----------+-------------------------------+
; w1   ; Input ; Info     ; Stuck at GND                  ;
+------+-------+----------+-------------------------------+


+---------------------------------------------------------+
; Port Connectivity Checks: "datapath:inst2|fourMux:mux4" ;
+------+-------+----------+-------------------------------+
; Port ; Type  ; Severity ; Details                       ;
+------+-------+----------+-------------------------------+
; uw0  ; Input ; Info     ; Stuck at GND                  ;
+------+-------+----------+-------------------------------+


+---------------------------------------------------------------------------------------------------------------------+
; Port Connectivity Checks: "datapath:inst2|eightBitRightShift:RMASK"                                                 ;
+-----------+--------+----------+-------------------------------------------------------------------------------------+
; Port      ; Type   ; Severity ; Details                                                                             ;
+-----------+--------+----------+-------------------------------------------------------------------------------------+
; shiftin   ; Input  ; Info     ; Stuck at VCC                                                                        ;
; inp[6..0] ; Input  ; Info     ; Stuck at GND                                                                        ;
; inp[7]    ; Input  ; Info     ; Stuck at VCC                                                                        ;
; notoutput ; Output ; Info     ; Connected to dangling logic. Logic that only feeds a dangling port will be removed. ;
+-----------+--------+----------+-------------------------------------------------------------------------------------+


+---------------------------------------------------------------------------------------------------------------------+
; Port Connectivity Checks: "datapath:inst2|eightBitLeftShift:LMASK"                                                  ;
+-----------+--------+----------+-------------------------------------------------------------------------------------+
; Port      ; Type   ; Severity ; Details                                                                             ;
+-----------+--------+----------+-------------------------------------------------------------------------------------+
; shiftin   ; Input  ; Info     ; Stuck at VCC                                                                        ;
; inp[7..1] ; Input  ; Info     ; Stuck at GND                                                                        ;
; inp[0]    ; Input  ; Info     ; Stuck at VCC                                                                        ;
; notoutput ; Output ; Info     ; Connected to dangling logic. Logic that only feeds a dangling port will be removed. ;
+-----------+--------+----------+-------------------------------------------------------------------------------------+


+-------------------------------+
; Elapsed Time Per Partition    ;
+----------------+--------------+
; Partition Name ; Elapsed Time ;
+----------------+--------------+
; Top            ; 00:00:00     ;
+----------------+--------------+


+-------------------------------+
; Analysis & Synthesis Messages ;
+-------------------------------+
Info: *******************************************************************
Info: Running Quartus II 64-Bit Analysis & Synthesis
    Info: Version 13.1.0 Build 162 10/23/2013 SJ Web Edition
    Info: Processing started: Wed Oct 05 17:06:36 2022
Info: Command: quartus_map --read_settings_files=on --write_settings_files=off lab1 -c lab1
Info (20030): Parallel compilation is enabled and will use 12 of the 12 processors detected
Info (12021): Found 2 design units, including 1 entities, in source file dff_2.vhd
    Info (12022): Found design unit 1: dFF_2-rtl
    Info (12023): Found entity 1: dFF_2
Info (12021): Found 2 design units, including 1 entities, in source file datapath.vhd
    Info (12022): Found design unit 1: datapath-structData
    Info (12023): Found entity 1: datapath
Info (12021): Found 2 design units, including 1 entities, in source file eightbitrightshift.vhd
    Info (12022): Found design unit 1: eightBitRightShift-bdf_type
    Info (12023): Found entity 1: eightBitRightShift
Info (12021): Found 2 design units, including 1 entities, in source file eightbitleftshift.vhd
    Info (12022): Found design unit 1: eightBitLeftShift-bdf_type
    Info (12023): Found entity 1: eightBitLeftShift
Info (12021): Found 2 design units, including 1 entities, in source file h2inmux.vhd
    Info (12022): Found design unit 1: h2InMux-behav2InMux
    Info (12023): Found entity 1: h2InMux
Info (12021): Found 2 design units, including 1 entities, in source file fourmux.vhd
    Info (12022): Found design unit 1: fourMux-struct4InMux
    Info (12023): Found entity 1: fourMux
Info (12021): Found 2 design units, including 1 entities, in source file enardff_2.vhd
    Info (12022): Found design unit 1: enARdFF_2-rtl
    Info (12023): Found entity 1: enARdFF_2
Info (12021): Found 2 design units, including 1 entities, in source file controllogic.vhd
    Info (12022): Found design unit 1: controlLogic-structControl
    Info (12023): Found entity 1: controlLogic
Info (12021): Found 1 design units, including 1 entities, in source file top.bdf
    Info (12023): Found entity 1: top
Info (12127): Elaborating entity "top" for the top level hierarchy
Warning (275080): Converted elements in bus name "led" using legacy naming rules. Make any assignments on the new names, not on the original names.
    Warning (275081): Converted element name(s) from "led[0]" to "led0"
    Warning (275081): Converted element name(s) from "led[1]" to "led1"
    Warning (275081): Converted element name(s) from "led[2]" to "led2"
    Warning (275081): Converted element name(s) from "led[3]" to "led3"
    Warning (275081): Converted element name(s) from "led[4]" to "led4"
    Warning (275081): Converted element name(s) from "led[5]" to "led5"
    Warning (275081): Converted element name(s) from "led[6]" to "led6"
    Warning (275081): Converted element name(s) from "led[7]" to "led7"
    Warning (275081): Converted element name(s) from "led[7..0]" to "led7..0"
Info (12128): Elaborating entity "datapath" for hierarchy "datapath:inst2"
Warning (10540): VHDL Signal Declaration warning at datapath.vhd(59): used explicit default value for signal "vcc" because signal was never assigned a value
Info (12128): Elaborating entity "eightBitLeftShift" for hierarchy "datapath:inst2|eightBitLeftShift:LMASK"
Info (12128): Elaborating entity "enARdFF_2" for hierarchy "datapath:inst2|eightBitLeftShift:LMASK|enARdFF_2:bit0"
Info (12128): Elaborating entity "eightBitRightShift" for hierarchy "datapath:inst2|eightBitRightShift:RMASK"
Info (12128): Elaborating entity "fourMux" for hierarchy "datapath:inst2|fourMux:mux4"
Info (12128): Elaborating entity "h2InMux" for hierarchy "datapath:inst2|fourMux:mux4|h2InMux:twoIN0"
Info (12128): Elaborating entity "controlLogic" for hierarchy "controlLogic:inst"
Info (12128): Elaborating entity "dFF_2" for hierarchy "controlLogic:inst|dFF_2:state0"
Warning (10492): VHDL Process Statement warning at dFF_2.vhd(49): signal "i_setBar" is read inside the Process Statement but isn't in the Process Statement's sensitivity list
Info (286030): Timing-Driven Synthesis is running
Info (16010): Generating hard_block partition "hard_block:auto_generated_inst"
    Info (16011): Adding 0 node(s), including 0 DDIO, 0 PLL, 0 transceiver and 0 LCELL
Info (21057): Implemented 44 device resources after synthesis - the final resource count might be different
    Info (21058): Implemented 4 input pins
    Info (21059): Implemented 8 output pins
    Info (21061): Implemented 32 logic cells
Info: Quartus II 64-Bit Analysis & Synthesis was successful. 0 errors, 12 warnings
    Info: Peak virtual memory: 4748 megabytes
    Info: Processing ended: Wed Oct 05 17:06:39 2022
    Info: Elapsed time: 00:00:03
    Info: Total CPU time (on all processors): 00:00:03


